<?xml version="1.0" encoding="utf-8"?><testsuites><testsuite errors="0" failures="0" hostname="Dev3" name="pytest" skipped="0" tests="2" time="0.071" timestamp="2020-07-27T13:00:42.141804"><testcase classname="tests.example_tests.example_test" file="tests\example_tests\example_test.py" line="2" name="test_simple1" time="0.003"></testcase><testcase classname="tests.example_tests.example_test" file="tests\example_tests\example_test.py" line="7" name="test_simple2" time="0.001"></testcase></testsuite></testsuites>